

Version:	3.50
CmdLine:	C:\hlocal\Interfaces\ventana\ejecutables\ventana.exe --l4j-debug
JNI:		No
WOW64:		Yes
Working dir:	C:\hlocal\Interfaces\ventana\ejecutables\.
Requires JDK:	No
Requires 64-Bit: No
Java min ver:	1.000.000
Java max ver:	
Substitute:	JAVA_HOME = 
Substitute:	PATH = C:\Program Files\Python38\Scripts\;C:\Program Files\Python38\;C:\Program Files\Common Files\Oracle\Java\javapath;C:\Windows\system32;C:\Windows;C:\Windows\System32\Wbem;C:\Windows\System32\WindowsPowerShell\v1.0\;C:\Windows\System32\OpenSSH\;C:\Program Files\Git\cmd;C:\Program Files\Microsoft SQL Server\130\Tools\Binn\;C:\Program Files\Tailscale\;C:\Program Files\PuTTY\;C:\Program Files (x86)\Windows Kits\10\Windows Performance Toolkit\;C:\Program Files\Microsoft SQL Server\150\Tools\Binn\;C:\Program Files\dotnet\;C:\Program Files\MySQL\MySQL Server 8.1\bin;C:\Program Files\Java\jdk-23\bin;C:\Users\DAV_2004_35\AppData\Local\Programs\Python\Python312\Scripts\;C:\Users\DAV_2004_35\AppData\Local\Programs\Python\Python312\;C:\Users\DAV_2004_35\AppData\Local\Microsoft\WindowsApps;C:\Users\DAV_2004_35\AppData\Local\Programs\Microsoft VS Code\bin;C:\Users\DAV_2004_35\AppData\Local\spicetify;C:\Program Files\Oracle\VirtualBox;;C:\Program Files\JetBrains\PyCharm Edu 2022.2.2\bin;;C:\Program Files\JetBrains\IntelliJ IDEA 2023.3.2\bin;;C:\Program Files\JetBrains\IntelliJ IDEA Community Edition 2023.3.2\bin;;C:\Program Files (x86)\EShare\;C:\Users\DAV_2004_35\.dotnet\tools;C:\Program Files\Java\jdk-23\bin
JRE paths:	;C:\Program Files\Python38\Scripts\;C:\Program Files\Python38\;C:\Program Files\Common Files\Oracle\Java\javapath;C:\Windows\system32;C:\Windows;C:\Windows\System32\Wbem;C:\Windows\System32\WindowsPowerShell\v1.0\;C:\Windows\System32\OpenSSH\;C:\Program Files\Git\cmd;C:\Program Files\Microsoft SQL Server\130\Tools\Binn\;C:\Program Files\Tailscale\;C:\Program Files\PuTTY\;C:\Program Files (x86)\Windows Kits\10\Windows Performance Toolkit\;C:\Program Files\Microsoft SQL Server\150\Tools\Binn\;C:\Program Files\dotnet\;C:\Program Files\MySQL\MySQL Server 8.1\bin;C:\Program Files\Java\jdk-23\bin;C:\Users\DAV_2004_35\AppData\Local\Programs\Python\Python312\Scripts\;C:\Users\DAV_2004_35\AppData\Local\Programs\Python\Python312\;C:\Users\DAV_2004_35\AppData\Local\Microsoft\WindowsApps;C:\Users\DAV_2004_35\AppData\Local\Programs\Microsoft VS Code\bin;C:\Users\DAV_2004_35\AppData\Local\spicetify;C:\Program Files\Oracle\VirtualBox;;C:\Program Files\JetBrains\PyCharm Edu 2022.2.2\bin;;C:\Program Files\JetBrains\IntelliJ IDEA 2023.3.2\bin;;C:\Program Files\JetBrains\IntelliJ IDEA Community Edition 2023.3.2\bin;;C:\Program Files (x86)\EShare\;C:\Users\DAV_2004_35\.dotnet\tools;C:\Program Files\Java\jdk-23\bin
Check launcher:	C:\Program Files\Python38\Scripts\bin\javaw.exe (not found)
Check launcher:	C:\Program Files\Python38\bin\javaw.exe (not found)
Check launcher:	C:\Program Files\Common Files\Oracle\Java\javapath\bin\javaw.exe (not found)
Check launcher:	C:\Windows\system32\bin\javaw.exe (not found)
Check launcher:	C:\Windows\bin\javaw.exe (not found)
Check launcher:	C:\Windows\System32\Wbem\bin\javaw.exe (not found)
Check launcher:	C:\Windows\System32\WindowsPowerShell\v1.0\bin\javaw.exe (not found)
Check launcher:	C:\Windows\System32\OpenSSH\bin\javaw.exe (not found)
Check launcher:	C:\Program Files\Git\cmd\bin\javaw.exe (not found)
Check launcher:	C:\Program Files\Microsoft SQL Server\130\Tools\Binn\bin\javaw.exe (not found)
Check launcher:	C:\Program Files\Tailscale\bin\javaw.exe (not found)
Check launcher:	C:\Program Files\PuTTY\bin\javaw.exe (not found)
Check launcher:	C:\Program Files (x86)\Windows Kits\10\Windows Performance Toolkit\bin\javaw.exe (not found)
Check launcher:	C:\Program Files\Microsoft SQL Server\150\Tools\Binn\bin\javaw.exe (not found)
Check launcher:	C:\Program Files\dotnet\bin\javaw.exe (not found)
Check launcher:	C:\Program Files\MySQL\MySQL Server 8.1\bin\javaw.exe (not found)
Check launcher:	C:\Program Files\Java\jdk-23\bin\javaw.exe (OK)
Version string: 1.023.000 / 64-Bit (OK)
Launcher:	C:\Program Files\Java\jdk-23\bin\javaw.exe
Launcher args:	--module-path "C:\Program Files\Java\javafx-sdk-23.0.1\lib"  --add-modules javafx.controls,javafx.fxml -jar "C:\hlocal\Interfaces\ventana\ejecutables\ventana.exe"
Args length:	162/32768 chars
Exit code:	0
